[debug] [2020-09-10T08:13:05.392Z] ----------------------------------------------------------------------
[debug] [2020-09-10T08:13:05.395Z] Command:       C:\Users\ppironi\soft\node-v12.18.3-win-x64\node.exe C:\Users\ppironi\soft\node-v12.18.3-win-x64\node_modules\firebase-tools\lib\bin\firebase.js login
[debug] [2020-09-10T08:13:05.395Z] CLI Version:   8.10.0
[debug] [2020-09-10T08:13:05.395Z] Platform:      win32
[debug] [2020-09-10T08:13:05.395Z] Node Version:  v12.18.3
[debug] [2020-09-10T08:13:05.397Z] Time:          Thu Sep 10 2020 09:13:05 GMT+0100 (British Summer Time)
[debug] [2020-09-10T08:13:05.397Z] ----------------------------------------------------------------------
[debug] [2020-09-10T08:13:05.397Z] 
[info] i  Firebase optionally collects CLI usage and error reporting information to help improve our products. Data is collected in accordance with Google's privacy policy (https://policies.google.com/privacy) and is not used to identify you.
 
[info] i  To change your data collection preference at any time, run `firebase logout` and log in again. 
[info] 
[info] Visit this URL on this device to log in:
[info] https://accounts.google.com/o/oauth2/auth?client_id=563584335869-fgrhgmd47bqnekij5i8b5pr03ho849e6.apps.googleusercontent.com&scope=email%20openid%20https%3A%2F%2Fwww.googleapis.com%2Fauth%2Fcloudplatformprojects.readonly%20https%3A%2F%2Fwww.googleapis.com%2Fauth%2Ffirebase%20https%3A%2F%2Fwww.googleapis.com%2Fauth%2Fcloud-platform&response_type=code&state=1060196389&redirect_uri=http%3A%2F%2Flocalhost%3A9005
[info] 
[info] Waiting for authentication...
[debug] [2020-09-10T08:14:02.457Z] >>> HTTP REQUEST POST https://accounts.google.com/o/oauth2/token  
 {"code":"4/3wEZy7zbXWcJLCYix1Qsp66r74O4ag3HoM7kPUIYdxWMMMnQOvIkkdl-EABG-n8aeeHzywEhIDcrmHYkNgnZeeQ","client_id":"563584335869-fgrhgmd47bqnekij5i8b5pr03ho849e6.apps.googleusercontent.com","client_secret":"j9iVZfS8kkCEFUPaAeJV0sAi","redirect_uri":"http://localhost:9005","grant_type":"authorization_code"}
[debug] [2020-09-10T08:14:02.507Z] Token Fetch Error: FirebaseError: Server Error. self signed certificate in certificate chain
    at Request._callback (C:\Users\ppironi\soft\node-v12.18.3-win-x64\node_modules\firebase-tools\lib\api.js:32:31)
    at self.callback (C:\Users\ppironi\soft\node-v12.18.3-win-x64\node_modules\firebase-tools\node_modules\request\request.js:185:22)
    at Request.emit (events.js:315:20)
    at Request.EventEmitter.emit (domain.js:483:12)
    at Request.onRequestError (C:\Users\ppironi\soft\node-v12.18.3-win-x64\node_modules\firebase-tools\node_modules\request\request.js:877:8)
    at ClientRequest.emit (events.js:315:20)
    at ClientRequest.EventEmitter.emit (domain.js:483:12)
    at TLSSocket.socketErrorListener (_http_client.js:426:9)
    at TLSSocket.emit (events.js:315:20)
    at TLSSocket.EventEmitter.emit (domain.js:483:12)
    at emitErrorNT (internal/streams/destroy.js:92:8)
    at emitErrorAndCloseNT (internal/streams/destroy.js:60:3)
    at processTicksAndRejections (internal/process/task_queues.js:84:21)
[debug] [2020-09-10T08:14:50.985Z] ----------------------------------------------------------------------
[debug] [2020-09-10T08:14:50.987Z] Command:       C:\Users\ppironi\soft\node-v12.18.3-win-x64\node.exe C:\Users\ppironi\soft\node-v12.18.3-win-x64\node_modules\firebase-tools\lib\bin\firebase.js login
[debug] [2020-09-10T08:14:50.988Z] CLI Version:   8.10.0
[debug] [2020-09-10T08:14:50.988Z] Platform:      win32
[debug] [2020-09-10T08:14:50.988Z] Node Version:  v12.18.3
[debug] [2020-09-10T08:14:50.990Z] Time:          Thu Sep 10 2020 09:14:50 GMT+0100 (British Summer Time)
[debug] [2020-09-10T08:14:50.990Z] ----------------------------------------------------------------------
[debug] [2020-09-10T08:14:50.990Z] 
[info] i  Firebase optionally collects CLI usage and error reporting information to help improve our products. Data is collected in accordance with Google's privacy policy (https://policies.google.com/privacy) and is not used to identify you.
 
[info] i  To change your data collection preference at any time, run `firebase logout` and log in again. 
[info] 
[info] Visit this URL on this device to log in:
[info] https://accounts.google.com/o/oauth2/auth?client_id=563584335869-fgrhgmd47bqnekij5i8b5pr03ho849e6.apps.googleusercontent.com&scope=email%20openid%20https%3A%2F%2Fwww.googleapis.com%2Fauth%2Fcloudplatformprojects.readonly%20https%3A%2F%2Fwww.googleapis.com%2Fauth%2Ffirebase%20https%3A%2F%2Fwww.googleapis.com%2Fauth%2Fcloud-platform&response_type=code&state=783339051&redirect_uri=http%3A%2F%2Flocalhost%3A9005
[info] 
[info] Waiting for authentication...
[debug] [2020-09-10T08:15:00.493Z] >>> HTTP REQUEST POST https://accounts.google.com/o/oauth2/token  
 {"code":"4/3wGK-TRZR9g__XnEwy2eIowmqEbEVm-Dk93oUM_KKWToSlfC4m9WzyM5kHXfVfegbqU25nuVoRp260G2eKV_6Ws","client_id":"563584335869-fgrhgmd47bqnekij5i8b5pr03ho849e6.apps.googleusercontent.com","client_secret":"j9iVZfS8kkCEFUPaAeJV0sAi","redirect_uri":"http://localhost:9005","grant_type":"authorization_code"}
[debug] [2020-09-10T08:15:00.577Z] Token Fetch Error: FirebaseError: Server Error. self signed certificate in certificate chain
    at Request._callback (C:\Users\ppironi\soft\node-v12.18.3-win-x64\node_modules\firebase-tools\lib\api.js:32:31)
    at self.callback (C:\Users\ppironi\soft\node-v12.18.3-win-x64\node_modules\firebase-tools\node_modules\request\request.js:185:22)
    at Request.emit (events.js:315:20)
    at Request.EventEmitter.emit (domain.js:483:12)
    at Request.onRequestError (C:\Users\ppironi\soft\node-v12.18.3-win-x64\node_modules\firebase-tools\node_modules\request\request.js:877:8)
    at ClientRequest.emit (events.js:315:20)
    at ClientRequest.EventEmitter.emit (domain.js:483:12)
    at TLSSocket.socketErrorListener (_http_client.js:426:9)
    at TLSSocket.emit (events.js:315:20)
    at TLSSocket.EventEmitter.emit (domain.js:483:12)
    at emitErrorNT (internal/streams/destroy.js:92:8)
    at emitErrorAndCloseNT (internal/streams/destroy.js:60:3)
    at processTicksAndRejections (internal/process/task_queues.js:84:21)
